<?xml version="1.0" encoding="UTF-8"?>
<!-- Generated by org.testng.reporters.JUnitXMLReporter -->
<testsuite hostname="Mikitas-MacBook-Air.local" name="Sample Test" tests="5" failures="0" timestamp="7 Sep 2015 02:14:04 GMT" time="0.034" errors="0">
  <testcase name="sampleTest" time="0.0" classname="tests.TestCase1"/>
  <testcase name="sampleTest" time="0.0" classname="tests.TestCase1"/>
  <testcase name="sampleTest" time="0.0" classname="tests.TestCase1"/>
  <testcase name="sampleTest" time="0.0" classname="tests.TestCase1"/>
  <testcase name="sampleTest" time="0.001" classname="tests.TestCase1"/>
</testsuite> <!-- Sample Test -->
